hntq_widget_library/build/intermediates/manifest_merge_blame_file/debug/manifest-merger-blame-debug-report.txt
1<?xml version="1.0" encoding="utf-8"?>
2<manifest xmlns:android="http://schemas.android.com/apk/res/android"
3    package="com.hntq.destop.widget.library" >
4
5    <uses-sdk android:minSdkVersion="26" />
6
7    <uses-permission android:name="android.permission.INTERNET" />
7-->src\main\AndroidManifest.xml:4:5-67
7-->src\main\AndroidManifest.xml:4:22-64
8
9    <application>
9-->src\main\AndroidManifest.xml:6:5-32:19
10        <receiver
10-->src\main\AndroidManifest.xml:7:9-18:20
11            android:name="com.hntq.destop.widget.library.HitokotoWidget"
11-->src\main\AndroidManifest.xml:8:13-73
12            android:exported="true" >
12-->src\main\AndroidManifest.xml:9:13-36
13            <intent-filter>
13-->src\main\AndroidManifest.xml:10:13-13:29
14                <action android:name="android.appwidget.action.APPWIDGET_UPDATE" />
14-->src\main\AndroidManifest.xml:11:17-84
14-->src\main\AndroidManifest.xml:11:25-81
15                <action android:name="com.hntq.destop.widget.library.ACTION_REFRESH" />
15-->src\main\AndroidManifest.xml:12:17-88
15-->src\main\AndroidManifest.xml:12:25-85
16            </intent-filter>
17
18            <meta-data
18-->src\main\AndroidManifest.xml:15:13-17:64
19                android:name="android.appwidget.provider"
19-->src\main\AndroidManifest.xml:16:17-58
20                android:resource="@xml/hitokoto_widget_info" />
20-->src\main\AndroidManifest.xml:17:17-61
21        </receiver>
22        <receiver
22-->src\main\AndroidManifest.xml:20:9-31:20
23            android:name="com.hntq.destop.widget.library.HotSearchWidget"
23-->src\main\AndroidManifest.xml:21:13-74
24            android:exported="true" >
24-->src\main\AndroidManifest.xml:22:13-36
25            <intent-filter>
25-->src\main\AndroidManifest.xml:23:13-26:29
26                <action android:name="android.appwidget.action.APPWIDGET_UPDATE" />
26-->src\main\AndroidManifest.xml:11:17-84
26-->src\main\AndroidManifest.xml:11:25-81
27                <action android:name="com.hntq.destop.widget.library.ACTION_HOT_REFRESH" />
27-->src\main\AndroidManifest.xml:25:17-92
27-->src\main\AndroidManifest.xml:25:25-89
28            </intent-filter>
29
30            <meta-data
30-->src\main\AndroidManifest.xml:15:13-17:64
31                android:name="android.appwidget.provider"
31-->src\main\AndroidManifest.xml:16:17-58
32                android:resource="@xml/hot_search_widget_info" />
32-->src\main\AndroidManifest.xml:17:17-61
33        </receiver>
34    </application>
35
36</manifest>